autoscan: warning: missing AC_CHECK_HEADER_STDBOOL wanted by: 
	hashtable.c:176
autoscan: warning: missing AC_TYPE_INT8_T wanted by: 
	murmur.c:16
	murmur.c:21
autoscan: warning: missing AC_TYPE_UINT32_T wanted by: 
	hashfunc.h:4
	hashtable.c:17
	hashtable.c:365
	hashtable.c:420
	hashtable.h:167
	murmur.c:16
	murmur.c:16
	murmur.c:36
	murmur.c:36
	murmur.c:62
	murmur.c:67
	murmur.c:69
	murmur.c:70
	murmur.c:77
	murmur.c:77
	murmur.c:80
	murmur.c:96
	murmur.c:112
	murmur.c:117
	murmur.c:123
	murmur.c:124
	murmur.c:125
	murmur.c:126
	murmur.c:128
	murmur.c:129
	murmur.c:130
	murmur.c:131
	murmur.c:138
	murmur.c:138
	murmur.c:141
	murmur.c:142
	murmur.c:143
	murmur.c:144
	murmur.c:188
	murmur.c:189
	murmur.c:190
	murmur.c:191
	murmur.c:257
	murmur.c:258
	murmur.c:259
	murmur.c:260
	murmur.c:265
autoscan: warning: missing AC_TYPE_UINT64_T wanted by: 
	murmur.c:21
	murmur.c:21
	murmur.c:49
	murmur.c:49
	murmur.c:271
	murmur.c:272
	murmur.c:274
	murmur.c:275
	murmur.c:282
	murmur.c:282
	murmur.c:285
	murmur.c:286
	murmur.c:312
	murmur.c:313
	murmur.c:316
	murmur.c:317
	murmur.c:318
	murmur.c:319
	murmur.c:320
	murmur.c:321
	murmur.c:322
	murmur.c:328
	murmur.c:329
	murmur.c:330
	murmur.c:331
	murmur.c:332
	murmur.c:333
	murmur.c:334
	murmur.c:335
	murmur.c:357
	murmur.c:358
autoscan: warning: missing AC_TYPE_UINT8_T wanted by: 
	murmur.c:64
	murmur.c:64
	murmur.c:94
	murmur.c:94
	murmur.c:120
	murmur.c:120
	murmur.c:186
	murmur.c:186
	murmur.c:268
	murmur.c:268
	murmur.c:310
	murmur.c:310
