This file contains any messages produced by compilers while
running configure, to aid debugging if configure makes a mistake.

It was created by event_lua_server configure 1.0, which was
generated by GNU Autoconf 2.69.  Invocation command line was

  $ ./configure 

## --------- ##
## Platform. ##
## --------- ##

hostname = edzdeMacBook-Pro-3.local
uname -m = x86_64
uname -r = 14.5.0
uname -s = Darwin
uname -v = Darwin Kernel Version 14.5.0: Sun Sep 25 22:07:15 PDT 2016; root:xnu-2782.50.9~1/RELEASE_X86_64

/usr/bin/uname -p = i386
/bin/uname -X     = unknown

/bin/arch              = unknown
/usr/bin/arch -k       = unknown
/usr/convex/getsysinfo = unknown
/usr/bin/hostinfo      = Mach kernel version:
	 Darwin Kernel Version 14.5.0: Sun Sep 25 22:07:15 PDT 2016; root:xnu-2782.50.9~1/RELEASE_X86_64
Kernel configured for up to 4 processors.
2 processors are physically available.
4 processors are logically available.
Processor type: x86_64h (Intel x86-64h Haswell)
Processors active: 0 1 2 3
Primary memory available: 8.00 gigabytes
Default processor set: 277 tasks, 1273 threads, 4 processors
Load average: 1.88, Mach factor: 2.10
/bin/machine           = unknown
/usr/bin/oslevel       = unknown
/bin/universe          = unknown

PATH: /usr/local/bin
PATH: /usr/bin
PATH: /bin
PATH: /usr/sbin
PATH: /sbin


## ----------- ##
## Core tests. ##
## ----------- ##

configure:2293: checking for a BSD-compatible install
configure:2361: result: /usr/bin/install -c
configure:2372: checking whether build environment is sane
configure:2427: result: yes
configure:2578: checking for a thread-safe mkdir -p
configure:2617: result: ./install-sh -c -d
configure:2624: checking for gawk
configure:2654: result: no
configure:2624: checking for mawk
configure:2654: result: no
configure:2624: checking for nawk
configure:2654: result: no
configure:2624: checking for awk
configure:2640: found /usr/bin/awk
configure:2651: result: awk
configure:2662: checking whether make sets $(MAKE)
configure:2684: result: yes
configure:2713: checking whether make supports nested variables
configure:2730: result: yes
configure:2910: checking for gcc
configure:2926: found /usr/local/bin/gcc
configure:2937: result: gcc
configure:3166: checking for C compiler version
configure:3175: gcc --version >&5
gcc (GCC) 6.3.0
Copyright (C) 2016 Free Software Foundation, Inc.
This is free software; see the source for copying conditions.  There is NO
warranty; not even for MERCHANTABILITY or FITNESS FOR A PARTICULAR PURPOSE.

configure:3186: $? = 0
configure:3175: gcc -v >&5
Using built-in specs.
COLLECT_GCC=gcc
COLLECT_LTO_WRAPPER=/usr/local/libexec/gcc/x86_64-apple-darwin15.6.0/6.3.0/lto-wrapper
Target: x86_64-apple-darwin15.6.0
Configured with: ../gcc-6.3.0/configure --enable-languages=c++,fortran
Thread model: posix
gcc version 6.3.0 (GCC) 
configure:3186: $? = 0
configure:3175: gcc -V >&5
gcc: error: unrecognized command line option '-V'
gcc: fatal error: no input files
compilation terminated.
configure:3186: $? = 1
configure:3175: gcc -qversion >&5
gcc: error: unrecognized command line option '-qversion'; did you mean '--version'?
gcc: fatal error: no input files
compilation terminated.
configure:3186: $? = 1
configure:3206: checking whether the C compiler works
configure:3228: gcc    conftest.c  >&5
configure:3232: $? = 0
configure:3280: result: yes
configure:3283: checking for C compiler default output file name
configure:3285: result: a.out
configure:3291: checking for suffix of executables
configure:3298: gcc -o conftest    conftest.c  >&5
configure:3302: $? = 0
configure:3324: result: 
configure:3346: checking whether we are cross compiling
configure:3354: gcc -o conftest    conftest.c  >&5
configure:3358: $? = 0
configure:3365: ./conftest
configure:3369: $? = 0
configure:3384: result: no
configure:3389: checking for suffix of object files
configure:3411: gcc -c   conftest.c >&5
configure:3415: $? = 0
configure:3436: result: o
configure:3440: checking whether we are using the GNU C compiler
configure:3459: gcc -c   conftest.c >&5
configure:3459: $? = 0
configure:3468: result: yes
configure:3477: checking whether gcc accepts -g
configure:3497: gcc -c -g  conftest.c >&5
configure:3497: $? = 0
configure:3538: result: yes
configure:3555: checking for gcc option to accept ISO C89
configure:3618: gcc  -c -g -O2  conftest.c >&5
configure:3618: $? = 0
configure:3631: result: none needed
configure:3656: checking whether gcc understands -c and -o together
configure:3678: gcc -c conftest.c -o conftest2.o
configure:3681: $? = 0
configure:3678: gcc -c conftest.c -o conftest2.o
configure:3681: $? = 0
configure:3693: result: yes
configure:3721: checking for style of include used by make
configure:3749: result: GNU
configure:3775: checking dependency style of gcc
configure:3886: result: gcc3
configure:3959: checking for g++
configure:3975: found /usr/local/bin/g++
configure:3986: result: g++
configure:4013: checking for C++ compiler version
configure:4022: g++ --version >&5
g++ (GCC) 6.3.0
Copyright (C) 2016 Free Software Foundation, Inc.
This is free software; see the source for copying conditions.  There is NO
warranty; not even for MERCHANTABILITY or FITNESS FOR A PARTICULAR PURPOSE.

configure:4033: $? = 0
configure:4022: g++ -v >&5
Using built-in specs.
COLLECT_GCC=g++
COLLECT_LTO_WRAPPER=/usr/local/libexec/gcc/x86_64-apple-darwin15.6.0/6.3.0/lto-wrapper
Target: x86_64-apple-darwin15.6.0
Configured with: ../gcc-6.3.0/configure --enable-languages=c++,fortran
Thread model: posix
gcc version 6.3.0 (GCC) 
configure:4033: $? = 0
configure:4022: g++ -V >&5
g++: error: unrecognized command line option '-V'
g++: fatal error: no input files
compilation terminated.
configure:4033: $? = 1
configure:4022: g++ -qversion >&5
g++: error: unrecognized command line option '-qversion'; did you mean '--version'?
g++: fatal error: no input files
compilation terminated.
configure:4033: $? = 1
configure:4037: checking whether we are using the GNU C++ compiler
configure:4056: g++ -c   conftest.cpp >&5
configure:4056: $? = 0
configure:4065: result: yes
configure:4074: checking whether g++ accepts -g
configure:4094: g++ -c -g  conftest.cpp >&5
configure:4094: $? = 0
configure:4135: result: yes
configure:4160: checking dependency style of g++
configure:4271: result: gcc3
configure:4290: checking for main in -levent
configure:4309: gcc -o conftest -g -O2   conftest.c -levent   >&5
configure:4309: $? = 0
configure:4318: result: yes
configure:4330: checking for main in -llua
configure:4349: gcc -o conftest -g -O2   conftest.c -llua  -levent  >&5
configure:4349: $? = 0
configure:4358: result: yes
configure:4376: checking how to run the C preprocessor
configure:4407: gcc -E  conftest.c
configure:4407: $? = 0
configure:4421: gcc -E  conftest.c
conftest.c:13:28: fatal error: ac_nonexistent.h: No such file or directory
 #include <ac_nonexistent.h>
                            ^
compilation terminated.
configure:4421: $? = 1
configure: failed program was:
| /* confdefs.h */
| #define PACKAGE_NAME "event_lua_server"
| #define PACKAGE_TARNAME "event_lua_server"
| #define PACKAGE_VERSION "1.0"
| #define PACKAGE_STRING "event_lua_server 1.0"
| #define PACKAGE_BUGREPORT "1548104097@qq.com"
| #define PACKAGE_URL ""
| #define PACKAGE "server"
| #define VERSION "1.0"
| #define HAVE_LIBEVENT 1
| #define HAVE_LIBLUA 1
| /* end confdefs.h.  */
| #include <ac_nonexistent.h>
configure:4446: result: gcc -E
configure:4466: gcc -E  conftest.c
configure:4466: $? = 0
configure:4480: gcc -E  conftest.c
conftest.c:13:28: fatal error: ac_nonexistent.h: No such file or directory
 #include <ac_nonexistent.h>
                            ^
compilation terminated.
configure:4480: $? = 1
configure: failed program was:
| /* confdefs.h */
| #define PACKAGE_NAME "event_lua_server"
| #define PACKAGE_TARNAME "event_lua_server"
| #define PACKAGE_VERSION "1.0"
| #define PACKAGE_STRING "event_lua_server 1.0"
| #define PACKAGE_BUGREPORT "1548104097@qq.com"
| #define PACKAGE_URL ""
| #define PACKAGE "server"
| #define VERSION "1.0"
| #define HAVE_LIBEVENT 1
| #define HAVE_LIBLUA 1
| /* end confdefs.h.  */
| #include <ac_nonexistent.h>
configure:4509: checking for grep that handles long lines and -e
configure:4567: result: /usr/bin/grep
configure:4572: checking for egrep
configure:4634: result: /usr/bin/grep -E
configure:4639: checking for ANSI C header files
configure:4659: gcc -c -g -O2  conftest.c >&5
configure:4659: $? = 0
configure:4732: gcc -o conftest -g -O2   conftest.c -llua -levent  >&5
configure:4732: $? = 0
configure:4732: ./conftest
configure:4732: $? = 0
configure:4743: result: yes
configure:4756: checking for sys/types.h
configure:4756: gcc -c -g -O2  conftest.c >&5
configure:4756: $? = 0
configure:4756: result: yes
configure:4756: checking for sys/stat.h
configure:4756: gcc -c -g -O2  conftest.c >&5
configure:4756: $? = 0
configure:4756: result: yes
configure:4756: checking for stdlib.h
configure:4756: gcc -c -g -O2  conftest.c >&5
configure:4756: $? = 0
configure:4756: result: yes
configure:4756: checking for string.h
configure:4756: gcc -c -g -O2  conftest.c >&5
configure:4756: $? = 0
configure:4756: result: yes
configure:4756: checking for memory.h
configure:4756: gcc -c -g -O2  conftest.c >&5
configure:4756: $? = 0
configure:4756: result: yes
configure:4756: checking for strings.h
configure:4756: gcc -c -g -O2  conftest.c >&5
configure:4756: $? = 0
configure:4756: result: yes
configure:4756: checking for inttypes.h
configure:4756: gcc -c -g -O2  conftest.c >&5
configure:4756: $? = 0
configure:4756: result: yes
configure:4756: checking for stdint.h
configure:4756: gcc -c -g -O2  conftest.c >&5
configure:4756: $? = 0
configure:4756: result: yes
configure:4756: checking for unistd.h
configure:4756: gcc -c -g -O2  conftest.c >&5
configure:4756: $? = 0
configure:4756: result: yes
configure:4771: checking arpa/inet.h usability
configure:4771: gcc -c -g -O2  conftest.c >&5
configure:4771: $? = 0
configure:4771: result: yes
configure:4771: checking arpa/inet.h presence
configure:4771: gcc -E  conftest.c
configure:4771: $? = 0
configure:4771: result: yes
configure:4771: checking for arpa/inet.h
configure:4771: result: yes
configure:4771: checking fcntl.h usability
configure:4771: gcc -c -g -O2  conftest.c >&5
configure:4771: $? = 0
configure:4771: result: yes
configure:4771: checking fcntl.h presence
configure:4771: gcc -E  conftest.c
configure:4771: $? = 0
configure:4771: result: yes
configure:4771: checking for fcntl.h
configure:4771: result: yes
configure:4771: checking netinet/in.h usability
configure:4771: gcc -c -g -O2  conftest.c >&5
configure:4771: $? = 0
configure:4771: result: yes
configure:4771: checking netinet/in.h presence
configure:4771: gcc -E  conftest.c
configure:4771: $? = 0
configure:4771: result: yes
configure:4771: checking for netinet/in.h
configure:4771: result: yes
configure:4771: checking stddef.h usability
configure:4771: gcc -c -g -O2  conftest.c >&5
configure:4771: $? = 0
configure:4771: result: yes
configure:4771: checking stddef.h presence
configure:4771: gcc -E  conftest.c
configure:4771: $? = 0
configure:4771: result: yes
configure:4771: checking for stddef.h
configure:4771: result: yes
configure:4771: checking for stdlib.h
configure:4771: result: yes
configure:4771: checking for string.h
configure:4771: result: yes
configure:4771: checking sys/socket.h usability
configure:4771: gcc -c -g -O2  conftest.c >&5
configure:4771: $? = 0
configure:4771: result: yes
configure:4771: checking sys/socket.h presence
configure:4771: gcc -E  conftest.c
configure:4771: $? = 0
configure:4771: result: yes
configure:4771: checking for sys/socket.h
configure:4771: result: yes
configure:4771: checking for unistd.h
configure:4771: result: yes
configure:4783: checking for size_t
configure:4783: gcc -c -g -O2  conftest.c >&5
configure:4783: $? = 0
configure:4783: gcc -c -g -O2  conftest.c >&5
conftest.c: In function 'main':
conftest.c:67:21: error: expected expression before ')' token
 if (sizeof ((size_t)))
                     ^
configure:4783: $? = 1
configure: failed program was:
| /* confdefs.h */
| #define PACKAGE_NAME "event_lua_server"
| #define PACKAGE_TARNAME "event_lua_server"
| #define PACKAGE_VERSION "1.0"
| #define PACKAGE_STRING "event_lua_server 1.0"
| #define PACKAGE_BUGREPORT "1548104097@qq.com"
| #define PACKAGE_URL ""
| #define PACKAGE "server"
| #define VERSION "1.0"
| #define HAVE_LIBEVENT 1
| #define HAVE_LIBLUA 1
| #define STDC_HEADERS 1
| #define HAVE_SYS_TYPES_H 1
| #define HAVE_SYS_STAT_H 1
| #define HAVE_STDLIB_H 1
| #define HAVE_STRING_H 1
| #define HAVE_MEMORY_H 1
| #define HAVE_STRINGS_H 1
| #define HAVE_INTTYPES_H 1
| #define HAVE_STDINT_H 1
| #define HAVE_UNISTD_H 1
| #define HAVE_ARPA_INET_H 1
| #define HAVE_FCNTL_H 1
| #define HAVE_NETINET_IN_H 1
| #define HAVE_STDDEF_H 1
| #define HAVE_STDLIB_H 1
| #define HAVE_STRING_H 1
| #define HAVE_SYS_SOCKET_H 1
| #define HAVE_UNISTD_H 1
| /* end confdefs.h.  */
| #include <stdio.h>
| #ifdef HAVE_SYS_TYPES_H
| # include <sys/types.h>
| #endif
| #ifdef HAVE_SYS_STAT_H
| # include <sys/stat.h>
| #endif
| #ifdef STDC_HEADERS
| # include <stdlib.h>
| # include <stddef.h>
| #else
| # ifdef HAVE_STDLIB_H
| #  include <stdlib.h>
| # endif
| #endif
| #ifdef HAVE_STRING_H
| # if !defined STDC_HEADERS && defined HAVE_MEMORY_H
| #  include <memory.h>
| # endif
| # include <string.h>
| #endif
| #ifdef HAVE_STRINGS_H
| # include <strings.h>
| #endif
| #ifdef HAVE_INTTYPES_H
| # include <inttypes.h>
| #endif
| #ifdef HAVE_STDINT_H
| # include <stdint.h>
| #endif
| #ifdef HAVE_UNISTD_H
| # include <unistd.h>
| #endif
| int
| main ()
| {
| if (sizeof ((size_t)))
| 	    return 0;
|   ;
|   return 0;
| }
configure:4783: result: yes
configure:4798: checking for stdlib.h
configure:4798: result: yes
configure:4808: checking for GNU libc compatible malloc
configure:4832: gcc -o conftest -g -O2   conftest.c -llua -levent  >&5
configure:4832: $? = 0
configure:4832: ./conftest
configure:4832: $? = 0
configure:4842: result: yes
configure:4863: checking for working strtod
configure:4904: gcc -o conftest -g -O2   conftest.c -llua -levent  >&5
configure:4904: $? = 0
configure:4904: ./conftest
configure:4904: $? = 0
configure:4914: result: yes
configure:4979: checking for memset
configure:4979: gcc -o conftest -g -O2   conftest.c -llua -levent  >&5
conftest.c:56:6: warning: conflicting types for built-in function 'memset'
 char memset ();
      ^~~~~~
configure:4979: $? = 0
configure:4979: result: yes
configure:4979: checking for socket
configure:4979: gcc -o conftest -g -O2   conftest.c -llua -levent  >&5
configure:4979: $? = 0
configure:4979: result: yes
configure:4979: checking for strchr
configure:4979: gcc -o conftest -g -O2   conftest.c -llua -levent  >&5
conftest.c:58:6: warning: conflicting types for built-in function 'strchr'
 char strchr ();
      ^~~~~~
configure:4979: $? = 0
configure:4979: result: yes
configure:4979: checking for strerror
configure:4979: gcc -o conftest -g -O2   conftest.c -llua -levent  >&5
configure:4979: $? = 0
configure:4979: result: yes
configure:4979: checking for strstr
configure:4979: gcc -o conftest -g -O2   conftest.c -llua -levent  >&5
conftest.c:60:6: warning: conflicting types for built-in function 'strstr'
 char strstr ();
      ^~~~~~
configure:4979: $? = 0
configure:4979: result: yes
configure:5100: checking that generated files are newer than configure
configure:5106: result: done
configure:5133: creating ./config.status

## ---------------------- ##
## Running config.status. ##
## ---------------------- ##

This file was extended by event_lua_server config.status 1.0, which was
generated by GNU Autoconf 2.69.  Invocation command line was

  CONFIG_FILES    = 
  CONFIG_HEADERS  = 
  CONFIG_LINKS    = 
  CONFIG_COMMANDS = 
  $ ./config.status 

on edzdeMacBook-Pro-3.local

config.status:876: creating Makefile
config.status:876: creating config.h
config.status:1105: executing depfiles commands

## ---------------- ##
## Cache variables. ##
## ---------------- ##

ac_cv_c_compiler_gnu=yes
ac_cv_cxx_compiler_gnu=yes
ac_cv_env_CCC_set=
ac_cv_env_CCC_value=
ac_cv_env_CC_set=
ac_cv_env_CC_value=
ac_cv_env_CFLAGS_set=
ac_cv_env_CFLAGS_value=
ac_cv_env_CPPFLAGS_set=
ac_cv_env_CPPFLAGS_value=
ac_cv_env_CPP_set=
ac_cv_env_CPP_value=
ac_cv_env_CXXFLAGS_set=
ac_cv_env_CXXFLAGS_value=
ac_cv_env_CXX_set=
ac_cv_env_CXX_value=
ac_cv_env_LDFLAGS_set=
ac_cv_env_LDFLAGS_value=
ac_cv_env_LIBS_set=
ac_cv_env_LIBS_value=
ac_cv_env_build_alias_set=
ac_cv_env_build_alias_value=
ac_cv_env_host_alias_set=
ac_cv_env_host_alias_value=
ac_cv_env_target_alias_set=
ac_cv_env_target_alias_value=
ac_cv_func_malloc_0_nonnull=yes
ac_cv_func_memset=yes
ac_cv_func_socket=yes
ac_cv_func_strchr=yes
ac_cv_func_strerror=yes
ac_cv_func_strstr=yes
ac_cv_func_strtod=yes
ac_cv_header_arpa_inet_h=yes
ac_cv_header_fcntl_h=yes
ac_cv_header_inttypes_h=yes
ac_cv_header_memory_h=yes
ac_cv_header_netinet_in_h=yes
ac_cv_header_stdc=yes
ac_cv_header_stddef_h=yes
ac_cv_header_stdint_h=yes
ac_cv_header_stdlib_h=yes
ac_cv_header_string_h=yes
ac_cv_header_strings_h=yes
ac_cv_header_sys_socket_h=yes
ac_cv_header_sys_stat_h=yes
ac_cv_header_sys_types_h=yes
ac_cv_header_unistd_h=yes
ac_cv_lib_event_main=yes
ac_cv_lib_lua_main=yes
ac_cv_objext=o
ac_cv_path_EGREP='/usr/bin/grep -E'
ac_cv_path_GREP=/usr/bin/grep
ac_cv_path_install='/usr/bin/install -c'
ac_cv_prog_AWK=awk
ac_cv_prog_CPP='gcc -E'
ac_cv_prog_ac_ct_CC=gcc
ac_cv_prog_ac_ct_CXX=g++
ac_cv_prog_cc_c89=
ac_cv_prog_cc_g=yes
ac_cv_prog_cxx_g=yes
ac_cv_prog_make_make_set=yes
ac_cv_type_size_t=yes
am_cv_CC_dependencies_compiler_type=gcc3
am_cv_CXX_dependencies_compiler_type=gcc3
am_cv_make_support_nested_variables=yes
am_cv_prog_cc_c_o=yes

## ----------------- ##
## Output variables. ##
## ----------------- ##

ACLOCAL='${SHELL} /Users/edz/projects/engine-event_lua_redis/missing aclocal-1.15'
AMDEPBACKSLASH='\'
AMDEP_FALSE='#'
AMDEP_TRUE=''
AMTAR='$${TAR-tar}'
AM_BACKSLASH='\'
AM_DEFAULT_V='$(AM_DEFAULT_VERBOSITY)'
AM_DEFAULT_VERBOSITY='1'
AM_V='$(V)'
AUTOCONF='${SHELL} /Users/edz/projects/engine-event_lua_redis/missing autoconf'
AUTOHEADER='${SHELL} /Users/edz/projects/engine-event_lua_redis/missing autoheader'
AUTOMAKE='${SHELL} /Users/edz/projects/engine-event_lua_redis/missing automake-1.15'
AWK='awk'
CC='gcc'
CCDEPMODE='depmode=gcc3'
CFLAGS='-g -O2'
CPP='gcc -E'
CPPFLAGS=''
CXX='g++'
CXXDEPMODE='depmode=gcc3'
CXXFLAGS='-g -O2'
CYGPATH_W='echo'
DEFS='-DHAVE_CONFIG_H'
DEPDIR='.deps'
ECHO_C='\c'
ECHO_N=''
ECHO_T=''
EGREP='/usr/bin/grep -E'
EXEEXT=''
GREP='/usr/bin/grep'
INSTALL_DATA='${INSTALL} -m 644'
INSTALL_PROGRAM='${INSTALL}'
INSTALL_SCRIPT='${INSTALL}'
INSTALL_STRIP_PROGRAM='$(install_sh) -c -s'
LDFLAGS=''
LIBOBJS=''
LIBS='-llua -levent '
LTLIBOBJS=''
MAKEINFO='${SHELL} /Users/edz/projects/engine-event_lua_redis/missing makeinfo'
MKDIR_P='./install-sh -c -d'
OBJEXT='o'
PACKAGE='server'
PACKAGE_BUGREPORT='1548104097@qq.com'
PACKAGE_NAME='event_lua_server'
PACKAGE_STRING='event_lua_server 1.0'
PACKAGE_TARNAME='event_lua_server'
PACKAGE_URL=''
PACKAGE_VERSION='1.0'
PATH_SEPARATOR=':'
POW_LIB=''
SET_MAKE=''
SHELL='/bin/sh'
STRIP=''
VERSION='1.0'
ac_ct_CC='gcc'
ac_ct_CXX='g++'
am__EXEEXT_FALSE=''
am__EXEEXT_TRUE='#'
am__fastdepCC_FALSE='#'
am__fastdepCC_TRUE=''
am__fastdepCXX_FALSE='#'
am__fastdepCXX_TRUE=''
am__include='include'
am__isrc=''
am__leading_dot='.'
am__nodep='_no'
am__quote=''
am__tar='$${TAR-tar} chof - "$$tardir"'
am__untar='$${TAR-tar} xf -'
bindir='${exec_prefix}/bin'
build_alias=''
datadir='${datarootdir}'
datarootdir='${prefix}/share'
docdir='${datarootdir}/doc/${PACKAGE_TARNAME}'
dvidir='${docdir}'
exec_prefix='${prefix}'
host_alias=''
htmldir='${docdir}'
includedir='${prefix}/include'
infodir='${datarootdir}/info'
install_sh='${SHELL} /Users/edz/projects/engine-event_lua_redis/install-sh'
libdir='${exec_prefix}/lib'
libexecdir='${exec_prefix}/libexec'
localedir='${datarootdir}/locale'
localstatedir='${prefix}/var'
mandir='${datarootdir}/man'
mkdir_p='$(MKDIR_P)'
oldincludedir='/usr/include'
pdfdir='${docdir}'
prefix='/usr/local'
program_transform_name='s,x,x,'
psdir='${docdir}'
sbindir='${exec_prefix}/sbin'
sharedstatedir='${prefix}/com'
sysconfdir='${prefix}/etc'
target_alias=''

## ----------- ##
## confdefs.h. ##
## ----------- ##

/* confdefs.h */
#define PACKAGE_NAME "event_lua_server"
#define PACKAGE_TARNAME "event_lua_server"
#define PACKAGE_VERSION "1.0"
#define PACKAGE_STRING "event_lua_server 1.0"
#define PACKAGE_BUGREPORT "1548104097@qq.com"
#define PACKAGE_URL ""
#define PACKAGE "server"
#define VERSION "1.0"
#define HAVE_LIBEVENT 1
#define HAVE_LIBLUA 1
#define STDC_HEADERS 1
#define HAVE_SYS_TYPES_H 1
#define HAVE_SYS_STAT_H 1
#define HAVE_STDLIB_H 1
#define HAVE_STRING_H 1
#define HAVE_MEMORY_H 1
#define HAVE_STRINGS_H 1
#define HAVE_INTTYPES_H 1
#define HAVE_STDINT_H 1
#define HAVE_UNISTD_H 1
#define HAVE_ARPA_INET_H 1
#define HAVE_FCNTL_H 1
#define HAVE_NETINET_IN_H 1
#define HAVE_STDDEF_H 1
#define HAVE_STDLIB_H 1
#define HAVE_STRING_H 1
#define HAVE_SYS_SOCKET_H 1
#define HAVE_UNISTD_H 1
#define HAVE_STDLIB_H 1
#define HAVE_MALLOC 1
#define HAVE_MEMSET 1
#define HAVE_SOCKET 1
#define HAVE_STRCHR 1
#define HAVE_STRERROR 1
#define HAVE_STRSTR 1

configure: exit 0
